<?xml version="1.0" encoding="utf-8"?><testsuites name="pytest tests"><testsuite name="pytest" errors="0" failures="0" skipped="0" tests="3" time="239.367" timestamp="2026-06-02T22:29:08.351657+00:00" hostname="agent-env-c5be24eb-b25f-4173-abed-3e1779c491de"><testcase classname="backend.tests.test_ai_endpoints_public" name="test_LOCAL_planner_generate_3day_lisbon" time="73.088" /><testcase classname="backend.tests.test_ai_endpoints_public" name="test_LOCAL_planner_caps_days_to_5" time="86.771" /><testcase classname="backend.tests.test_ai_endpoints_public" name="test_LOCAL_remix_no_id_leak" time="79.471" /></testsuite></testsuites>