<?xml version="1.0" encoding="utf-8"?><testsuites name="pytest tests"><testsuite name="pytest" errors="0" failures="0" skipped="0" tests="32" time="3.462" timestamp="2026-06-02T22:22:29.823545+00:00" hostname="agent-env-c5be24eb-b25f-4173-abed-3e1779c491de"><testcase classname="backend.tests.test_drift_backend.TestAuth" name="test_root" time="0.277" /><testcase classname="backend.tests.test_drift_backend.TestAuth" name="test_login_demo" time="0.282" /><testcase classname="backend.tests.test_drift_backend.TestAuth" name="test_login_wrong_password" time="0.276" /><testcase classname="backend.tests.test_drift_backend.TestAuth" name="test_me_requires_auth" time="0.061" /><testcase classname="backend.tests.test_drift_backend.TestAuth" name="test_me_with_token" time="0.339" /><testcase classname="backend.tests.test_drift_backend.TestAuth" name="test_register_and_onboarding" time="0.472" /><testcase classname="backend.tests.test_drift_backend.TestAuth" name="test_register_duplicate_email" time="0.055" /><testcase classname="backend.tests.test_drift_backend.TestFeed" name="test_feed_requires_auth" time="0.052" /><testcase classname="backend.tests.test_drift_backend.TestFeed" name="test_feed_list" time="0.054" /><testcase classname="backend.tests.test_drift_backend.TestFeed" name="test_feed_single" time="0.053" /><testcase classname="backend.tests.test_drift_backend.TestFeed" name="test_feed_single_not_found" time="0.061" /><testcase classname="backend.tests.test_drift_backend.TestTrips" name="test_trips_requires_auth" time="0.055" /><testcase classname="backend.tests.test_drift_backend.TestTrips" name="test_upcoming_trips" time="0.053" /><testcase classname="backend.tests.test_drift_backend.TestTrips" name="test_other_buckets_initially_empty_or_list[past]" time="0.055" /><testcase classname="backend.tests.test_drift_backend.TestTrips" name="test_other_buckets_initially_empty_or_list[stolen]" time="0.064" /><testcase classname="backend.tests.test_drift_backend.TestTrips" name="test_saved_bucket_lists" time="0.056" /><testcase classname="backend.tests.test_drift_backend.TestSaveSteal" name="test_save_is_idempotent" time="0.181" /><testcase classname="backend.tests.test_drift_backend.TestSaveSteal" name="test_steal_increments_count" time="0.189" /><testcase classname="backend.tests.test_drift_backend.TestSaveSteal" name="test_save_nonexistent_returns_404" time="0.056" /><testcase classname="backend.tests.test_drift_backend.TestPlannerScore" name="test_score_endpoint" time="0.070" /><testcase classname="backend.tests.test_drift_backend.TestPlannerScore" name="test_score_rare_destination_bonus" time="0.056" /><testcase classname="backend.tests.test_drift_backend.TestPlannerScore" name="test_score_requires_auth" time="0.051" /><testcase classname="backend.tests.test_drift_backend.TestInvites" name="test_invites_get" time="0.054" /><testcase classname="backend.tests.test_drift_backend.TestInvites" name="test_invites_send" time="0.063" /><testcase classname="backend.tests.test_drift_backend.TestInvites" name="test_invites_send_missing_email" time="0.060" /><testcase classname="backend.tests.test_drift_backend.TestInvites" name="test_invites_requires_auth" time="0.051" /><testcase classname="backend.tests.test_drift_backend.TestNoBooking" name="test_booking_endpoints_do_not_exist[/api/bookings]" time="0.052" /><testcase classname="backend.tests.test_drift_backend.TestNoBooking" name="test_booking_endpoints_do_not_exist[/api/book]" time="0.056" /><testcase classname="backend.tests.test_drift_backend.TestNoBooking" name="test_booking_endpoints_do_not_exist[/api/checkout]" time="0.055" /><testcase classname="backend.tests.test_drift_backend.TestNoBooking" name="test_booking_endpoints_do_not_exist[/api/payment]" time="0.056" /><testcase classname="backend.tests.test_drift_backend.TestNoBooking" name="test_booking_endpoints_do_not_exist[/api/payments]" time="0.055" /><testcase classname="backend.tests.test_drift_backend.TestNoBooking" name="test_booking_endpoints_do_not_exist[/api/orders]" time="0.060" /></testsuite></testsuites>